<?xml version="1.0" encoding="UTF-8"?>
<testng-results skipped="0" failed="2" ignored="0" total="2" passed="0">
  <reporter-output>
    <line>
      <![CDATA[Browser is Starting...]]>
    </line>
    <line>
      <![CDATA[Click on restaurant]]>
    </line>
    <line>
      <![CDATA[|Actual value = My reservations]]>
    </line>
    <line>
      <![CDATA[|Expected value = My reservationsooo]]>
    </line>
    <line>
      <![CDATA[FAIL]]>
    </line>
    <line>
      <![CDATA[Browser is Starting...]]>
    </line>
    <line>
      <![CDATA[Click on restaurant]]>
    </line>
    <line>
      <![CDATA[FAIL]]>
    </line>
  </reporter-output>
  <suite name="TestSuite" duration-ms="34890" started-at="2017-03-23T15:35:49Z" finished-at="2017-03-23T15:36:23Z">
    <groups>
    </groups>
    <test name="Chrome Test" duration-ms="20231" started-at="2017-03-23T15:35:49Z" finished-at="2017-03-23T15:36:09Z">
      <class name="com.restaurants.smoke.Tests">
        <test-method status="PASS" signature="beforeClass(java.lang.String)[pri:0, instance:com.restaurants.smoke.Tests@6e1ec318]" name="beforeClass" is-config="true" duration-ms="4971" started-at="2017-03-23T16:35:49Z" finished-at="2017-03-23T16:35:53Z">
          <params>
            <param index="0">
              <value>
                <![CDATA[chrome]]>
              </value>
            </param>
          </params>
          <reporter-output>
            <line>
              <![CDATA[Browser is Starting...]]>
            </line>
          </reporter-output>
        </test-method> <!-- beforeClass -->
        <test-method status="FAIL" signature="restaurantsSmokeTest()[pri:0, instance:com.restaurants.smoke.Tests@6e1ec318]" name="restaurantsSmokeTest" duration-ms="13942" started-at="2017-03-23T16:35:54Z" finished-at="2017-03-23T16:36:07Z">
          <exception class="java.lang.AssertionError">
            <message>
              <![CDATA[null]]>
            </message>
            <full-stacktrace>
              <![CDATA[java.lang.AssertionError: null
	at org.testng.Assert.fail(Assert.java:94)
	at org.testng.Assert.fail(Assert.java:101)
	at com.restaurants.smoke.Restaurants.verifyReservationIsCreated(Restaurants.java:191)
	at com.restaurants.smoke.Tests.restaurantsSmokeTest(Tests.java:118)
	at sun.reflect.NativeMethodAccessorImpl.invoke0(Native Method)
	at sun.reflect.NativeMethodAccessorImpl.invoke(NativeMethodAccessorImpl.java:62)
	at sun.reflect.DelegatingMethodAccessorImpl.invoke(DelegatingMethodAccessorImpl.java:43)
	at java.lang.reflect.Method.invoke(Method.java:498)
	at org.testng.internal.MethodInvocationHelper.invokeMethod(MethodInvocationHelper.java:104)
	at org.testng.internal.Invoker.invokeMethod(Invoker.java:645)
	at org.testng.internal.Invoker.invokeTestMethod(Invoker.java:851)
	at org.testng.internal.Invoker.invokeTestMethods(Invoker.java:1177)
	at org.testng.internal.TestMethodWorker.invokeTestMethods(TestMethodWorker.java:129)
	at org.testng.internal.TestMethodWorker.run(TestMethodWorker.java:112)
	at java.util.concurrent.ThreadPoolExecutor.runWorker(ThreadPoolExecutor.java:1142)
	at java.util.concurrent.ThreadPoolExecutor$Worker.run(ThreadPoolExecutor.java:617)
	at java.lang.Thread.run(Thread.java:745)
]]>
            </full-stacktrace>
          </exception> <!-- java.lang.AssertionError -->
          <reporter-output>
            <line>
              <![CDATA[Click on restaurant]]>
            </line>
            <line>
              <![CDATA[|Actual value = My reservations]]>
            </line>
            <line>
              <![CDATA[|Expected value = My reservationsooo]]>
            </line>
          </reporter-output>
        </test-method> <!-- restaurantsSmokeTest -->
        <test-method status="PASS" signature="writeResult(org.testng.ITestResult)[pri:0, instance:com.restaurants.smoke.Tests@6e1ec318]" name="writeResult" is-config="true" duration-ms="257" started-at="2017-03-23T16:36:07Z" finished-at="2017-03-23T16:36:08Z">
          <params>
            <param index="0">
              <value>
                <![CDATA[[TestResult name=restaurantsSmokeTest status=FAILURE method=Tests.restaurantsSmokeTest()[pri:0, instance:com.restaurants.smoke.Tests@6e1ec318] output=Click on restaurant]]]>
              </value>
            </param>
          </params>
          <reporter-output>
            <line>
              <![CDATA[FAIL]]>
            </line>
          </reporter-output>
        </test-method> <!-- writeResult -->
        <test-method status="PASS" signature="tearDown()[pri:0, instance:com.restaurants.smoke.Tests@6e1ec318]" name="tearDown" is-config="true" duration-ms="1024" started-at="2017-03-23T16:36:08Z" finished-at="2017-03-23T16:36:09Z">
          <reporter-output>
          </reporter-output>
        </test-method> <!-- tearDown -->
      </class> <!-- com.restaurants.smoke.Tests -->
    </test> <!-- Chrome Test -->
    <test name="FireFox Test" duration-ms="14642" started-at="2017-03-23T15:36:09Z" finished-at="2017-03-23T15:36:23Z">
      <class name="com.restaurants.smoke.Tests">
        <test-method status="PASS" signature="beforeClass(java.lang.String)[pri:0, instance:com.restaurants.smoke.Tests@2286778]" name="beforeClass" is-config="true" duration-ms="9265" started-at="2017-03-23T16:36:09Z" finished-at="2017-03-23T16:36:18Z">
          <params>
            <param index="0">
              <value>
                <![CDATA[firefox]]>
              </value>
            </param>
          </params>
          <reporter-output>
            <line>
              <![CDATA[Browser is Starting...]]>
            </line>
          </reporter-output>
        </test-method> <!-- beforeClass -->
        <test-method status="FAIL" signature="restaurantsSmokeTest()[pri:0, instance:com.restaurants.smoke.Tests@2286778]" name="restaurantsSmokeTest" duration-ms="4785" started-at="2017-03-23T16:36:18Z" finished-at="2017-03-23T16:36:23Z">
          <exception class="org.openqa.selenium.ElementNotVisibleException">
            <message>
              <![CDATA[
Build info: version: 'unknown', revision: '1969d75', time: '2016-10-18 09:43:45 -0700'
System info: host: 'anita-X550LD', ip: '127.0.1.1', os.name: 'Linux', os.arch: 'amd64', os.version: '4.4.0-66-generic', java.version: '1.8.0_121'
Driver info: org.openqa.selenium.firefox.FirefoxDriver
Capabilities [{moz:profile=/tmp/rust_mozprofile.KSAZmFkUCytI, rotatable=false, timeouts={implicit=0, page load=300000, script=30000}, pageLoadStrategy=normal, platform=ANY, specificationLevel=0, moz:accessibilityChecks=false, acceptInsecureCerts=false, browserVersion=52.0.1, platformVersion=4.4.0-66-generic, moz:processID=31724, browserName=firefox, platformName=linux}]
Session ID: dc7fe8e2-db9c-4203-b402-df8a86ac7347]]>
            </message>
            <full-stacktrace>
              <![CDATA[org.openqa.selenium.ElementNotVisibleException: 
Build info: version: 'unknown', revision: '1969d75', time: '2016-10-18 09:43:45 -0700'
System info: host: 'anita-X550LD', ip: '127.0.1.1', os.name: 'Linux', os.arch: 'amd64', os.version: '4.4.0-66-generic', java.version: '1.8.0_121'
Driver info: org.openqa.selenium.firefox.FirefoxDriver
Capabilities [{moz:profile=/tmp/rust_mozprofile.KSAZmFkUCytI, rotatable=false, timeouts={implicit=0, page load=300000, script=30000}, pageLoadStrategy=normal, platform=ANY, specificationLevel=0, moz:accessibilityChecks=false, acceptInsecureCerts=false, browserVersion=52.0.1, platformVersion=4.4.0-66-generic, moz:processID=31724, browserName=firefox, platformName=linux}]
Session ID: dc7fe8e2-db9c-4203-b402-df8a86ac7347
	at sun.reflect.NativeConstructorAccessorImpl.newInstance0(Native Method)
	at sun.reflect.NativeConstructorAccessorImpl.newInstance(NativeConstructorAccessorImpl.java:62)
	at sun.reflect.DelegatingConstructorAccessorImpl.newInstance(DelegatingConstructorAccessorImpl.java:45)
	at java.lang.reflect.Constructor.newInstance(Constructor.java:423)
	at org.openqa.selenium.remote.http.W3CHttpResponseCodec.createException(W3CHttpResponseCodec.java:127)
	at org.openqa.selenium.remote.http.W3CHttpResponseCodec.decode(W3CHttpResponseCodec.java:93)
	at org.openqa.selenium.remote.http.W3CHttpResponseCodec.decode(W3CHttpResponseCodec.java:42)
	at org.openqa.selenium.remote.HttpCommandExecutor.execute(HttpCommandExecutor.java:163)
	at org.openqa.selenium.remote.service.DriverCommandExecutor.execute(DriverCommandExecutor.java:82)
	at org.openqa.selenium.remote.RemoteWebDriver.execute(RemoteWebDriver.java:601)
	at org.openqa.selenium.remote.RemoteWebElement.execute(RemoteWebElement.java:274)
	at org.openqa.selenium.remote.RemoteWebElement.click(RemoteWebElement.java:84)
	at com.restaurants.smoke.Restaurants.clickWorkingHours(Restaurants.java:87)
	at com.restaurants.smoke.Tests.restaurantsSmokeTest(Tests.java:96)
	at sun.reflect.NativeMethodAccessorImpl.invoke0(Native Method)
	at sun.reflect.NativeMethodAccessorImpl.invoke(NativeMethodAccessorImpl.java:62)
	at sun.reflect.DelegatingMethodAccessorImpl.invoke(DelegatingMethodAccessorImpl.java:43)
	at java.lang.reflect.Method.invoke(Method.java:498)
	at org.testng.internal.MethodInvocationHelper.invokeMethod(MethodInvocationHelper.java:104)
	at org.testng.internal.Invoker.invokeMethod(Invoker.java:645)
	at org.testng.internal.Invoker.invokeTestMethod(Invoker.java:851)
	at org.testng.internal.Invoker.invokeTestMethods(Invoker.java:1177)
	at org.testng.internal.TestMethodWorker.invokeTestMethods(TestMethodWorker.java:129)
	at org.testng.internal.TestMethodWorker.run(TestMethodWorker.java:112)
	at java.util.concurrent.ThreadPoolExecutor.runWorker(ThreadPoolExecutor.java:1142)
	at java.util.concurrent.ThreadPoolExecutor$Worker.run(ThreadPoolExecutor.java:617)
	at java.lang.Thread.run(Thread.java:745)
]]>
            </full-stacktrace>
          </exception> <!-- org.openqa.selenium.ElementNotVisibleException -->
          <reporter-output>
            <line>
              <![CDATA[Click on restaurant]]>
            </line>
          </reporter-output>
        </test-method> <!-- restaurantsSmokeTest -->
        <test-method status="PASS" signature="writeResult(org.testng.ITestResult)[pri:0, instance:com.restaurants.smoke.Tests@2286778]" name="writeResult" is-config="true" duration-ms="354" started-at="2017-03-23T16:36:23Z" finished-at="2017-03-23T16:36:23Z">
          <params>
            <param index="0">
              <value>
                <![CDATA[[TestResult name=restaurantsSmokeTest status=FAILURE method=Tests.restaurantsSmokeTest()[pri:0, instance:com.restaurants.smoke.Tests@2286778] output=Click on restaurant]]]>
              </value>
            </param>
          </params>
          <reporter-output>
            <line>
              <![CDATA[FAIL]]>
            </line>
          </reporter-output>
        </test-method> <!-- writeResult -->
        <test-method status="PASS" signature="tearDown()[pri:0, instance:com.restaurants.smoke.Tests@2286778]" name="tearDown" is-config="true" duration-ms="180" started-at="2017-03-23T16:36:23Z" finished-at="2017-03-23T16:36:23Z">
          <reporter-output>
          </reporter-output>
        </test-method> <!-- tearDown -->
      </class> <!-- com.restaurants.smoke.Tests -->
    </test> <!-- FireFox Test -->
  </suite> <!-- TestSuite -->
</testng-results>
