<?xml version="1.0" encoding="UTF-8"?>
<!-- Generated by org.testng.reporters.JUnitXMLReporter -->
<testsuite hostname="anita-X550LD" ignored="0" name="Chrome Test" tests="1" failures="1" timestamp="23 Mar 2017 17:32:45 GMT" time="15.749" errors="0">
  <testcase name="restaurantsSmokeTest" time="3.294" classname="com.restaurants.smoke.Tests">
    <failure type="org.openqa.selenium.WebDriverException" message="unknown error: Element is not clickable at point (252, 678)
  (Session info: chrome=57.0.2987.110)
  (Driver info: chromedriver=2.25.426924 (649f9b868f6783ec9de71c123212b908bf3b232e),platform=Linux 4.4.0-66-generic x86_64) (WARNING: The server did not provide any stacktrace information)
Command duration or timeout: 78 milliseconds
Build info: version: &amp;apos;unknown&amp;apos;, revision: &amp;apos;1969d75&amp;apos;, time: &amp;apos;2016-10-18 09:43:45 -0700&amp;apos;
System info: host: &amp;apos;anita-X550LD&amp;apos;, ip: &amp;apos;127.0.1.1&amp;apos;, os.name: &amp;apos;Linux&amp;apos;, os.arch: &amp;apos;amd64&amp;apos;, os.version: &amp;apos;4.4.0-66-generic&amp;apos;, java.version: &amp;apos;1.8.0_121&amp;apos;
Driver info: org.openqa.selenium.chrome.ChromeDriver
Capabilities [{applicationCacheEnabled=false, rotatable=false, mobileEmulationEnabled=false, networkConnectionEnabled=false, chrome={chromedriverVersion=2.25.426924 (649f9b868f6783ec9de71c123212b908bf3b232e), userDataDir=/tmp/.org.chromium.Chromium.imPsWQ}, takesHeapSnapshot=true, pageLoadStrategy=normal, databaseEnabled=false, handlesAlerts=true, hasTouchScreen=false, version=57.0.2987.110, platform=LINUX, browserConnectionEnabled=false, nativeEvents=true, acceptSslCerts=true, locationContextEnabled=true, webStorageEnabled=true, browserName=chrome, takesScreenshot=true, javascriptEnabled=true, cssSelectorsEnabled=true}]
Session ID: 5fbbd9305fa9d94fd460c5d3ae7441d1">
      <![CDATA[org.openqa.selenium.WebDriverException: unknown error: Element is not clickable at point (252, 678)
  (Session info: chrome=57.0.2987.110)
  (Driver info: chromedriver=2.25.426924 (649f9b868f6783ec9de71c123212b908bf3b232e),platform=Linux 4.4.0-66-generic x86_64) (WARNING: The server did not provide any stacktrace information)
Command duration or timeout: 78 milliseconds
Build info: version: 'unknown', revision: '1969d75', time: '2016-10-18 09:43:45 -0700'
System info: host: 'anita-X550LD', ip: '127.0.1.1', os.name: 'Linux', os.arch: 'amd64', os.version: '4.4.0-66-generic', java.version: '1.8.0_121'
Driver info: org.openqa.selenium.chrome.ChromeDriver
Capabilities [{applicationCacheEnabled=false, rotatable=false, mobileEmulationEnabled=false, networkConnectionEnabled=false, chrome={chromedriverVersion=2.25.426924 (649f9b868f6783ec9de71c123212b908bf3b232e), userDataDir=/tmp/.org.chromium.Chromium.imPsWQ}, takesHeapSnapshot=true, pageLoadStrategy=normal, databaseEnabled=false, handlesAlerts=true, hasTouchScreen=false, version=57.0.2987.110, platform=LINUX, browserConnectionEnabled=false, nativeEvents=true, acceptSslCerts=true, locationContextEnabled=true, webStorageEnabled=true, browserName=chrome, takesScreenshot=true, javascriptEnabled=true, cssSelectorsEnabled=true}]
Session ID: 5fbbd9305fa9d94fd460c5d3ae7441d1
	at org.openqa.selenium.remote.ErrorHandler.createThrowable(ErrorHandler.java:216)
	at org.openqa.selenium.remote.ErrorHandler.throwIfResponseFailed(ErrorHandler.java:168)
	at org.openqa.selenium.remote.RemoteWebDriver.execute(RemoteWebDriver.java:635)
	at org.openqa.selenium.remote.RemoteWebElement.execute(RemoteWebElement.java:274)
	at org.openqa.selenium.remote.RemoteWebElement.click(RemoteWebElement.java:84)
	at com.restaurants.smoke.Restaurants.clickRestaurant(Restaurants.java:111)
	at com.restaurants.smoke.Tests.restaurantsSmokeTest(Tests.java:87)
	at java.util.concurrent.ThreadPoolExecutor.runWorker(ThreadPoolExecutor.java:1142)
	at java.util.concurrent.ThreadPoolExecutor$Worker.run(ThreadPoolExecutor.java:617)
	at java.lang.Thread.run(Thread.java:745)
... Removed 14 stack frames]]>
    </failure>
  </testcase> <!-- restaurantsSmokeTest -->
</testsuite> <!-- Chrome Test -->
